2023-10-29T01:53:45.259Z [info]: Action failed.
2023-10-29T01:53:45.261Z [info]: Circuit has been opened.
2023-10-29T01:53:45.262Z [info]: Circuit open. Using fallback.
2023-10-29T01:53:58.471Z [info]: Circuit open. Using fallback.
2023-10-29T01:53:59.635Z [info]: Circuit open. Using fallback.
2023-10-29T01:54:15.276Z [info]: Circuit is half open.
2023-10-29T01:54:20.118Z [info]: Action failed.
2023-10-29T01:54:20.119Z [info]: Circuit has been opened.
2023-10-29T01:54:20.119Z [info]: Circuit open. Using fallback.
2023-10-29T01:54:50.133Z [info]: Circuit is half open.
2023-10-29T04:50:43.422Z [info]: Action failed.
2023-10-29T04:50:43.425Z [info]: Circuit has been opened.
2023-10-29T04:50:43.425Z [info]: Circuit open. Using fallback.
2023-10-29T04:51:18.488Z [info]: Action failed.
2023-10-29T04:51:18.489Z [info]: Circuit has been opened.
2023-10-29T04:51:18.489Z [info]: Circuit open. Using fallback.
2023-10-29T05:21:08.910Z [info]: Action failed.
2023-10-29T05:21:08.912Z [info]: Circuit has been opened.
2023-10-29T05:21:08.912Z [info]: Circuit open. Using fallback.
2023-10-29T05:50:47.247Z [info]: Action failed.
2023-10-29T05:50:47.249Z [info]: Circuit has been opened.
2023-10-29T05:50:47.249Z [info]: Circuit open. Using fallback.
2023-10-29T05:50:49.977Z [info]: Circuit open. Using fallback.
2023-10-29T05:51:17.253Z [info]: Circuit is half open.
2023-10-29T05:51:53.686Z [info]: Action failed.
2023-10-29T05:51:53.688Z [info]: Circuit has been opened.
2023-10-29T05:51:53.688Z [info]: Circuit open. Using fallback.
2023-10-29T05:52:23.697Z [info]: Circuit is half open.
2023-10-29T14:03:39.220Z [info]: Action failed.
2023-10-29T14:03:39.221Z [info]: Circuit has been opened.
2023-10-29T14:03:39.222Z [info]: Circuit open. Using fallback.
2023-10-29T14:03:47.522Z [info]: Circuit open. Using fallback.
2023-10-29T14:03:55.418Z [info]: Circuit open. Using fallback.
2023-10-29T14:04:09.236Z [info]: Circuit is half open.
2023-10-29T14:04:17.518Z [info]: Circuit has been closed.
