2023-10-07T05:28:48.805Z [info]: Action failed.
2023-10-07T05:28:48.806Z [info]: Circuit has been opened.
2023-10-07T05:28:48.807Z [info]: Circuit open. Using fallback.
2023-10-07T05:29:18.817Z [info]: Circuit is half open.
2023-10-07T15:15:16.899Z [info]: Action failed.
2023-10-07T15:15:16.900Z [info]: Circuit has been opened.
2023-10-07T15:15:16.900Z [info]: Circuit open. Using fallback.
2023-10-07T15:15:46.919Z [info]: Circuit is half open.
2023-10-07T16:06:33.356Z [info]: Action failed.
2023-10-07T16:06:33.357Z [info]: Circuit has been opened.
2023-10-07T16:06:33.357Z [info]: Circuit open. Using fallback.
2023-10-07T16:07:03.377Z [info]: Circuit is half open.
2023-10-07T16:07:17.468Z [info]: Action failed.
2023-10-07T16:07:17.469Z [info]: Circuit has been opened.
2023-10-07T16:07:17.469Z [info]: Circuit open. Using fallback.
2023-10-07T16:07:47.472Z [info]: Circuit is half open.
2023-10-07T16:08:23.074Z [info]: Action failed.
2023-10-07T16:08:23.076Z [info]: Circuit has been opened.
2023-10-07T16:08:23.076Z [info]: Circuit open. Using fallback.
2023-10-07T16:12:17.752Z [info]: Action failed.
2023-10-07T16:12:17.754Z [info]: Circuit has been opened.
2023-10-07T16:12:17.754Z [info]: Circuit open. Using fallback.
2023-10-07T16:12:47.769Z [info]: Circuit is half open.
2023-10-07T16:14:28.172Z [info]: Action failed.
2023-10-07T16:14:28.173Z [info]: Circuit has been opened.
2023-10-07T16:14:28.174Z [info]: Circuit open. Using fallback.
2023-10-07T16:14:58.174Z [info]: Circuit is half open.
2023-10-07T16:32:09.412Z [info]: Action failed.
2023-10-07T16:32:09.413Z [info]: Circuit has been opened.
2023-10-07T16:32:09.414Z [info]: Circuit open. Using fallback.
2023-10-07T16:32:39.426Z [info]: Circuit is half open.
2023-10-07T16:35:21.164Z [info]: Action failed.
2023-10-07T16:35:21.164Z [info]: Circuit has been opened.
2023-10-07T16:35:21.165Z [info]: Circuit open. Using fallback.
2023-10-07T16:35:51.177Z [info]: Circuit is half open.
2023-10-07T16:37:28.506Z [info]: Action failed.
2023-10-07T16:37:28.508Z [info]: Circuit has been opened.
2023-10-07T16:37:28.508Z [info]: Circuit open. Using fallback.
2023-10-07T16:38:07.381Z [info]: Action failed.
2023-10-07T16:38:07.383Z [info]: Circuit has been opened.
2023-10-07T16:38:07.383Z [info]: Circuit open. Using fallback.
2023-10-07T16:38:37.393Z [info]: Circuit is half open.
2023-10-07T16:47:27.604Z [info]: Action failed.
2023-10-07T16:47:27.605Z [info]: Circuit has been opened.
2023-10-07T16:47:27.606Z [info]: Circuit open. Using fallback.
2023-10-07T16:47:57.618Z [info]: Circuit is half open.
2023-10-07T17:04:57.060Z [info]: Action failed.
2023-10-07T17:04:57.062Z [info]: Circuit has been opened.
2023-10-07T17:04:57.062Z [info]: Circuit open. Using fallback.
2023-10-07T17:05:27.063Z [info]: Circuit is half open.
2023-10-07T17:05:46.669Z [info]: Action failed.
2023-10-07T17:05:46.671Z [info]: Circuit has been opened.
2023-10-07T17:05:46.671Z [info]: Circuit open. Using fallback.
2023-10-07T17:06:12.816Z [info]: Action failed.
2023-10-07T17:06:12.817Z [info]: Circuit has been opened.
2023-10-07T17:06:12.817Z [info]: Circuit open. Using fallback.
2023-10-07T17:06:42.825Z [info]: Circuit is half open.
2023-10-07T17:13:46.109Z [info]: Action failed.
2023-10-07T17:13:46.110Z [info]: Circuit has been opened.
2023-10-07T17:13:46.110Z [info]: Circuit open. Using fallback.
2023-10-07T17:14:16.124Z [info]: Circuit is half open.
2023-10-07T17:14:50.410Z [info]: Action failed.
2023-10-07T17:14:50.411Z [info]: Circuit has been opened.
2023-10-07T17:14:50.411Z [info]: Circuit open. Using fallback.
2023-10-07T17:15:48.276Z [info]: Action failed.
2023-10-07T17:15:48.277Z [info]: Circuit has been opened.
2023-10-07T17:15:48.277Z [info]: Circuit open. Using fallback.
2023-10-07T17:21:47.995Z [info]: Action failed.
2023-10-07T17:21:47.996Z [info]: Circuit has been opened.
2023-10-07T17:21:47.996Z [info]: Circuit open. Using fallback.
2023-10-07T17:22:18.004Z [info]: Circuit is half open.
2023-10-07T20:00:22.344Z [info]: Action failed.
2023-10-07T20:00:22.345Z [info]: Circuit has been opened.
2023-10-07T20:00:22.345Z [info]: Circuit open. Using fallback.
2023-10-07T20:00:52.356Z [info]: Circuit is half open.
2023-10-07T20:01:03.299Z [info]: Action failed.
2023-10-07T20:01:03.300Z [info]: Circuit has been opened.
2023-10-07T20:01:03.300Z [info]: Circuit open. Using fallback.
2023-10-07T20:01:33.312Z [info]: Circuit is half open.
2023-10-07T20:02:53.661Z [info]: Action failed.
2023-10-07T20:02:53.662Z [info]: Circuit has been opened.
2023-10-07T20:02:53.662Z [info]: Circuit open. Using fallback.
2023-10-07T20:03:17.814Z [info]: Action failed.
2023-10-07T20:03:17.816Z [info]: Circuit has been opened.
2023-10-07T20:03:17.816Z [info]: Circuit open. Using fallback.
2023-10-07T20:03:36.173Z [info]: Action failed.
2023-10-07T20:03:36.174Z [info]: Circuit has been opened.
2023-10-07T20:03:36.175Z [info]: Circuit open. Using fallback.
2023-10-07T20:05:19.514Z [info]: Action failed.
2023-10-07T20:05:19.515Z [info]: Circuit has been opened.
2023-10-07T20:05:19.515Z [info]: Circuit open. Using fallback.
2023-10-07T20:05:31.736Z [info]: Action failed.
2023-10-07T20:05:31.738Z [info]: Circuit has been opened.
2023-10-07T20:05:31.738Z [info]: Circuit open. Using fallback.
2023-10-07T20:06:01.747Z [info]: Circuit is half open.
2023-10-07T20:06:30.155Z [info]: Action failed.
2023-10-07T20:06:30.157Z [info]: Circuit has been opened.
2023-10-07T20:06:30.157Z [info]: Circuit open. Using fallback.
2023-10-07T20:07:00.158Z [info]: Circuit is half open.
2023-10-07T20:09:07.789Z [info]: Action failed.
2023-10-07T20:09:07.790Z [info]: Circuit has been opened.
2023-10-07T20:09:07.791Z [info]: Circuit open. Using fallback.
2023-10-07T20:09:55.923Z [info]: Action failed.
2023-10-07T20:09:55.924Z [info]: Circuit has been opened.
2023-10-07T20:09:55.925Z [info]: Circuit open. Using fallback.
2023-10-07T20:10:26.145Z [info]: Action failed.
2023-10-07T20:10:26.149Z [info]: Circuit has been opened.
2023-10-07T20:10:26.150Z [info]: Circuit open. Using fallback.
2023-10-07T20:12:00.920Z [info]: Action failed.
2023-10-07T20:12:00.921Z [info]: Circuit has been opened.
2023-10-07T20:12:00.922Z [info]: Circuit open. Using fallback.
2023-10-07T20:12:54.324Z [info]: Action failed.
2023-10-07T20:12:54.325Z [info]: Circuit has been opened.
2023-10-07T20:12:54.325Z [info]: Circuit open. Using fallback.
2023-10-07T20:13:24.326Z [info]: Circuit is half open.
2023-10-07T20:13:53.735Z [info]: Action failed.
2023-10-07T20:13:53.736Z [info]: Circuit has been opened.
2023-10-07T20:13:53.737Z [info]: Circuit open. Using fallback.
2023-10-07T20:14:23.739Z [info]: Circuit is half open.
2023-10-07T20:16:02.247Z [info]: Action failed.
2023-10-07T20:16:02.248Z [info]: Circuit has been opened.
2023-10-07T20:16:02.248Z [info]: Circuit open. Using fallback.
2023-10-07T20:16:32.255Z [info]: Circuit is half open.
2023-10-07T20:16:54.272Z [info]: Action failed.
2023-10-07T20:16:54.274Z [info]: Circuit has been opened.
2023-10-07T20:16:54.274Z [info]: Circuit open. Using fallback.
2023-10-07T20:17:24.283Z [info]: Circuit is half open.
2023-10-07T20:17:37.006Z [info]: Action failed.
2023-10-07T20:17:37.008Z [info]: Circuit has been opened.
2023-10-07T20:17:37.008Z [info]: Circuit open. Using fallback.
2023-10-07T20:18:11.189Z [info]: Action failed.
2023-10-07T20:18:11.190Z [info]: Circuit has been opened.
2023-10-07T20:18:11.190Z [info]: Circuit open. Using fallback.
2023-10-07T20:18:12.252Z [info]: Circuit open. Using fallback.
2023-10-07T20:18:41.200Z [info]: Circuit is half open.
2023-10-07T20:38:23.638Z [info]: Action failed.
2023-10-07T20:38:23.639Z [info]: Circuit has been opened.
2023-10-07T20:38:23.639Z [info]: Circuit open. Using fallback.
2023-10-07T20:39:01.926Z [info]: Action failed.
2023-10-07T20:39:01.927Z [info]: Circuit has been opened.
2023-10-07T20:39:01.928Z [info]: Circuit open. Using fallback.
2023-10-07T20:39:22.045Z [info]: Action failed.
2023-10-07T20:39:22.047Z [info]: Circuit has been opened.
2023-10-07T20:39:22.047Z [info]: Circuit open. Using fallback.
2023-10-07T20:39:31.422Z [info]: Action failed.
2023-10-07T20:39:31.424Z [info]: Circuit has been opened.
2023-10-07T20:39:31.424Z [info]: Circuit open. Using fallback.
2023-10-07T20:40:01.427Z [info]: Circuit is half open.
2023-10-07T20:44:59.252Z [info]: Action failed.
2023-10-07T20:44:59.253Z [info]: Circuit has been opened.
2023-10-07T20:44:59.253Z [info]: Circuit open. Using fallback.
2023-10-07T20:45:07.840Z [info]: Action failed.
2023-10-07T20:45:07.841Z [info]: Circuit has been opened.
2023-10-07T20:45:07.841Z [info]: Circuit open. Using fallback.
2023-10-07T20:45:37.845Z [info]: Circuit is half open.
2023-10-07T20:59:33.281Z [info]: Action failed.
2023-10-07T20:59:33.282Z [info]: Circuit has been opened.
2023-10-07T20:59:33.282Z [info]: Circuit open. Using fallback.
2023-10-07T21:00:03.287Z [info]: Circuit is half open.
2023-10-07T21:00:30.304Z [info]: Action failed.
2023-10-07T21:00:30.305Z [info]: Circuit has been opened.
2023-10-07T21:00:30.306Z [info]: Circuit open. Using fallback.
2023-10-07T21:00:49.514Z [info]: Action failed.
2023-10-07T21:00:49.516Z [info]: Circuit has been opened.
2023-10-07T21:00:49.516Z [info]: Circuit open. Using fallback.
2023-10-07T21:01:28.698Z [info]: Action failed.
2023-10-07T21:01:28.699Z [info]: Circuit has been opened.
2023-10-07T21:01:28.700Z [info]: Circuit open. Using fallback.
2023-10-07T21:01:58.706Z [info]: Circuit is half open.
2023-10-07T21:15:08.976Z [info]: Action failed.
2023-10-07T21:15:08.978Z [info]: Circuit has been opened.
2023-10-07T21:15:08.978Z [info]: Circuit open. Using fallback.
2023-10-07T21:15:38.993Z [info]: Circuit is half open.
2023-10-07T21:24:16.464Z [info]: Action failed.
2023-10-07T21:24:16.466Z [info]: Circuit has been opened.
2023-10-07T21:24:16.466Z [info]: Circuit open. Using fallback.
2023-10-07T21:36:04.120Z [info]: Action failed.
2023-10-07T21:36:04.122Z [info]: Circuit has been opened.
2023-10-07T21:36:04.122Z [info]: Circuit open. Using fallback.
2023-10-07T21:39:29.136Z [info]: Action failed.
2023-10-07T21:41:46.290Z [info]: Action failed.
2023-10-07T21:41:46.291Z [info]: Circuit has been opened.
2023-10-07T21:41:46.291Z [info]: Circuit open. Using fallback.
2023-10-07T22:08:36.257Z [info]: Action failed.
2023-10-07T22:08:36.258Z [info]: Circuit has been opened.
2023-10-07T22:08:36.259Z [info]: Circuit open. Using fallback.
2023-10-07T22:09:06.271Z [info]: Circuit is half open.
2023-10-07T22:10:29.369Z [info]: Action failed.
2023-10-07T22:10:29.370Z [info]: Circuit has been opened.
2023-10-07T22:10:29.370Z [info]: Circuit open. Using fallback.
2023-10-07T22:10:59.375Z [info]: Circuit is half open.
2023-10-07T22:12:28.934Z [info]: Action failed.
2023-10-07T22:12:28.936Z [info]: Circuit has been opened.
2023-10-07T22:12:28.936Z [info]: Circuit open. Using fallback.
2023-10-07T22:12:58.944Z [info]: Circuit is half open.
2023-10-07T22:20:06.600Z [info]: Action failed.
2023-10-07T22:20:06.602Z [info]: Circuit has been opened.
2023-10-07T22:20:06.602Z [info]: Circuit open. Using fallback.
2023-10-07T22:20:36.612Z [info]: Circuit is half open.
2023-10-07T22:38:04.208Z [info]: Action failed.
2023-10-07T22:38:04.209Z [info]: Circuit has been opened.
2023-10-07T22:38:04.210Z [info]: Circuit open. Using fallback.
2023-10-07T22:39:54.657Z [info]: Action failed.
2023-10-07T22:39:54.658Z [info]: Circuit has been opened.
2023-10-07T22:39:54.659Z [info]: Circuit open. Using fallback.
2023-10-07T22:40:24.669Z [info]: Circuit is half open.
2023-10-07T22:45:54.609Z [info]: Action failed.
2023-10-07T22:45:54.609Z [info]: Circuit has been opened.
2023-10-07T22:45:54.610Z [info]: Circuit open. Using fallback.
2023-10-07T22:46:24.621Z [info]: Circuit is half open.
2023-10-07T22:46:37.093Z [info]: Action failed.
2023-10-07T22:46:37.094Z [info]: Circuit has been opened.
2023-10-07T22:46:37.094Z [info]: Circuit open. Using fallback.
2023-10-07T22:51:49.247Z [info]: Action failed.
2023-10-07T22:51:49.249Z [info]: Circuit has been opened.
2023-10-07T22:51:49.249Z [info]: Circuit open. Using fallback.
2023-10-07T22:52:19.256Z [info]: Circuit is half open.
2023-10-07T22:52:41.409Z [info]: Action failed.
2023-10-07T22:52:41.411Z [info]: Circuit has been opened.
2023-10-07T22:52:41.411Z [info]: Circuit open. Using fallback.
2023-10-07T22:53:11.419Z [info]: Circuit is half open.
2023-10-07T22:59:55.882Z [info]: Action failed.
2023-10-07T22:59:55.883Z [info]: Circuit has been opened.
2023-10-07T22:59:55.883Z [info]: Circuit open. Using fallback.
2023-10-07T23:00:25.890Z [info]: Circuit is half open.
2023-10-07T23:00:31.646Z [info]: Action failed.
2023-10-07T23:00:31.647Z [info]: Circuit has been opened.
2023-10-07T23:00:31.647Z [info]: Circuit open. Using fallback.
2023-10-07T23:01:01.651Z [info]: Circuit is half open.
2023-10-07T23:32:02.974Z [info]: Action failed.
2023-10-07T23:32:02.976Z [info]: Circuit has been opened.
2023-10-07T23:32:02.976Z [info]: Circuit open. Using fallback.
2023-10-07T23:32:32.979Z [info]: Circuit is half open.
2023-10-07T23:34:30.518Z [info]: Action failed.
2023-10-07T23:34:30.518Z [info]: Circuit has been opened.
2023-10-07T23:34:30.518Z [info]: Circuit open. Using fallback.
2023-10-07T23:35:00.524Z [info]: Circuit is half open.
2023-10-07T23:37:15.610Z [info]: Circuit has been closed.
